<?xml version="1.0" encoding="UTF-8"?>
<testsuite xmlns:xsi="http://www.w3.org/2001/XMLSchema-instance" xsi:noNamespaceSchemaLocation="https://maven.apache.org/surefire/maven-surefire-plugin/xsd/surefire-test-report-3.0.xsd" version="3.0" name="ErroresTest" time="0.123" tests="5" errors="0" skipped="0" failures="0">
  <properties>
[...]
</properties>
  <testcase name="testErrorAbsoluto_CasoNormal" classname="ErroresTest" time="0.058"/>
  <testcase name="testErrorRelativo_CasoCeroError" classname="ErroresTest" time="0.003"/>
  <testcase name="testErrorRelativo_ValoresNegativos" classname="ErroresTest" time="0.002"/>
  <testcase name="testErrorRelativo_CasoNormal" classname="ErroresTest" time="0.002"/>
  <testcase name="testErrorAbsoluto_CasoExacto" classname="ErroresTest" time="0.001"/>
</testsuite>